<?xml version="1.0" encoding="UTF-8" standalone="no"?>
<!DOCTYPE log SYSTEM "logger.dtd">
<log>
<record>
  <date>2019-10-21T23:22:07.418-0300</date>
  <logger>THIAGO FARIAS DE ALMEIDA</logger>
  <level>FINE</level>
  <message>File 118210529-THIAGO FARIAS DE ALMEIDA.zip was received. It was sent by THIAGO FARIAS DE ALMEIDA from IP 10.0.0.101 at 21-10-2019 23*22*07</message>
</record>
</log>
<?xml version="1.0" encoding="UTF-8" standalone="no"?>
<!DOCTYPE log SYSTEM "logger.dtd">
<log>
<record>
  <date>2019-10-21T23:22:07.461-0300</date>
  <logger>THIAGO FARIAS DE ALMEIDA</logger>
  <level>FINE</level>
  <message>File 118210529-THIAGO FARIAS DE ALMEIDA.zip was received. It was sent by THIAGO FARIAS DE ALMEIDA from IP 10.0.0.101 at 21-10-2019 23*22*07</message>
</record>
</log>
<?xml version="1.0" encoding="UTF-8" standalone="no"?>
<!DOCTYPE log SYSTEM "logger.dtd">
<log>
<record>
  <date>2019-10-22T20:30:14.664-0300</date>
  <logger>THIAGO FARIAS DE ALMEIDA</logger>
  <level>FINE</level>
  <message>File 118210529-THIAGO FARIAS DE ALMEIDA.zip was received. It was sent by THIAGO FARIAS DE ALMEIDA from IP 10.0.0.101 at 22-10-2019 20*30*14</message>
</record>
