<?xml version="1.0" encoding="UTF-8" standalone="no"?>
<!DOCTYPE log SYSTEM "logger.dtd">
<log>
<record>
  <date>2019-09-23T21:43:43.567-0300</date>
  <logger>THIAGO FARIAS DE ALMEIDA</logger>
  <level>FINE</level>
  <message>File 118210529-THIAGO FARIAS DE ALMEIDA.zip was received. It was sent by THIAGO FARIAS DE ALMEIDA from IP 10.0.0.101 at 23-09-2019 21*43*43</message>
</record>
</log>
<?xml version="1.0" encoding="UTF-8" standalone="no"?>
<!DOCTYPE log SYSTEM "logger.dtd">
<log>
<record>
  <date>2019-09-23T22:19:53.784-0300</date>
  <logger>THIAGO FARIAS DE ALMEIDA</logger>
  <level>FINE</level>
  <message>File 118210529-THIAGO FARIAS DE ALMEIDA.zip was received. It was sent by THIAGO FARIAS DE ALMEIDA from IP 10.0.0.101 at 23-09-2019 22*19*53</message>
</record>
</log>
<?xml version="1.0" encoding="UTF-8" standalone="no"?>
<!DOCTYPE log SYSTEM "logger.dtd">
<log>
<record>
  <date>2019-09-24T22:04:09.591-0300</date>
  <logger>THIAGO FARIAS DE ALMEIDA</logger>
  <level>FINE</level>
  <message>File 118210529-THIAGO FARIAS DE ALMEIDA.zip was received. It was sent by THIAGO FARIAS DE ALMEIDA from IP 10.0.0.101 at 24-09-2019 22*04*09</message>
</record>
