<?xml version="1.0" encoding="UTF-8" standalone="no"?>
<!DOCTYPE log SYSTEM "logger.dtd">
<log>
<record>
  <date>2019-09-02T17:59:42.349-0300</date>
  <logger>THIAGO FARIAS DE ALMEIDA</logger>
  <level>FINE</level>
  <message>File 118210529-THIAGO FARIAS DE ALMEIDA.zip was received. It was sent by THIAGO FARIAS DE ALMEIDA from IP 150.165.42.211 at 02-09-2019 17*59*42</message>
</record>
</log>
<?xml version="1.0" encoding="UTF-8" standalone="no"?>
<!DOCTYPE log SYSTEM "logger.dtd">
<log>
<record>
  <date>2019-09-02T21:30:08.374-0300</date>
  <logger>THIAGO FARIAS DE ALMEIDA</logger>
  <level>FINE</level>
  <message>File 118210529-THIAGO FARIAS DE ALMEIDA.zip was received. It was sent by THIAGO FARIAS DE ALMEIDA from IP 10.0.0.106 at 02-09-2019 21*30*08</message>
</record>
</log>
<?xml version="1.0" encoding="UTF-8" standalone="no"?>
<!DOCTYPE log SYSTEM "logger.dtd">
<log>
<record>
  <date>2019-09-02T21:30:43.336-0300</date>
  <logger>THIAGO FARIAS DE ALMEIDA</logger>
  <level>FINE</level>
  <message>File 118210529-THIAGO FARIAS DE ALMEIDA.zip was received. It was sent by THIAGO FARIAS DE ALMEIDA from IP 10.0.0.106 at 02-09-2019 21*30*43</message>
</record>
</log>
<?xml version="1.0" encoding="UTF-8" standalone="no"?>
<!DOCTYPE log SYSTEM "logger.dtd">
<log>
<record>
  <date>2019-09-02T21:32:11.352-0300</date>
  <logger>THIAGO FARIAS DE ALMEIDA</logger>
  <level>FINE</level>
  <message>File 118210529-THIAGO FARIAS DE ALMEIDA.zip was received. It was sent by THIAGO FARIAS DE ALMEIDA from IP 10.0.0.106 at 02-09-2019 21*32*11</message>
</record>
